c:\pleasework\project1\project1\debug\vc141.pdb
c:\pleasework\project1\project1\debug\vc141.idb
c:\pleasework\project1\project1\debug\windows.obj
c:\pleasework\project1\project1\debug\update.obj
c:\pleasework\project1\project1\debug\transformcomponent.obj
c:\pleasework\project1\project1\debug\physicscomponent.obj
c:\pleasework\project1\project1\debug\pch.obj
c:\pleasework\project1\project1\debug\main.obj
c:\pleasework\project1\project1\debug\input.obj
c:\pleasework\project1\project1\debug\initialise.obj
c:\pleasework\project1\project1\debug\graphicssystem.obj
c:\pleasework\project1\project1\debug\gameobject.obj
c:\pleasework\project1\project1\debug\component.obj
c:\pleasework\project1\project1\debug\collider.obj
c:\pleasework\project1\project1\debug\audio.obj
c:\pleasework\project1\project1\debug\project1.tlog\cl.command.1.tlog
c:\pleasework\project1\project1\debug\project1.tlog\cl.read.1.tlog
c:\pleasework\project1\project1\debug\project1.tlog\cl.write.1.tlog
c:\pleasework\project1\project1\debug\project1.tlog\link.command.1.tlog
c:\pleasework\project1\project1\debug\project1.tlog\link.read.1.tlog
c:\pleasework\project1\project1\debug\project1.tlog\link.write.1.tlog
